184417456791639@lid: QUEUE: ans_697c27c2-c6bc-4a1b-ad75-561d1c7b2a54
184417456791639@lid: EXECUTING: ans_697c27c2-c6bc-4a1b-ad75-561d1c7b2a54
184417456791639@lid: SUCCESS: ans_697c27c2-c6bc-4a1b-ad75-561d1c7b2a54
184417456791639@lid: SUCCESS: ans_697c27c2-c6bc-4a1b-ad75-561d1c7b2a54
184417456791639@lid: QUEUE: ans_a9342370-b4d3-4d5c-bcc1-4b767f7dc116
184417456791639@lid: EXECUTING: ans_a9342370-b4d3-4d5c-bcc1-4b767f7dc116
184417456791639@lid: SUCCESS: ans_a9342370-b4d3-4d5c-bcc1-4b767f7dc116
184417456791639@lid: SUCCESS: ans_a9342370-b4d3-4d5c-bcc1-4b767f7dc116
59161105926@s.whatsapp.net: QUEUE: ans_697c27c2-c6bc-4a1b-ad75-561d1c7b2a54
59161105926@s.whatsapp.net: EXECUTING: ans_697c27c2-c6bc-4a1b-ad75-561d1c7b2a54
59161105926@s.whatsapp.net: SUCCESS: ans_697c27c2-c6bc-4a1b-ad75-561d1c7b2a54
59161105926@s.whatsapp.net: SUCCESS: ans_697c27c2-c6bc-4a1b-ad75-561d1c7b2a54
59161105926@s.whatsapp.net: QUEUE: ans_a9342370-b4d3-4d5c-bcc1-4b767f7dc116
59161105926@s.whatsapp.net: EXECUTING: ans_a9342370-b4d3-4d5c-bcc1-4b767f7dc116
59161105926@s.whatsapp.net: SUCCESS: ans_a9342370-b4d3-4d5c-bcc1-4b767f7dc116
59161105926@s.whatsapp.net: SUCCESS: ans_a9342370-b4d3-4d5c-bcc1-4b767f7dc116
184417456791639@lid: QUEUE: ans_697c27c2-c6bc-4a1b-ad75-561d1c7b2a54
184417456791639@lid: EXECUTING: ans_697c27c2-c6bc-4a1b-ad75-561d1c7b2a54
184417456791639@lid: SUCCESS: ans_697c27c2-c6bc-4a1b-ad75-561d1c7b2a54
184417456791639@lid: SUCCESS: ans_697c27c2-c6bc-4a1b-ad75-561d1c7b2a54
184417456791639@lid: QUEUE: ans_a9342370-b4d3-4d5c-bcc1-4b767f7dc116
184417456791639@lid: EXECUTING: ans_a9342370-b4d3-4d5c-bcc1-4b767f7dc116
184417456791639@lid: SUCCESS: ans_a9342370-b4d3-4d5c-bcc1-4b767f7dc116
184417456791639@lid: SUCCESS: ans_a9342370-b4d3-4d5c-bcc1-4b767f7dc116
184417456791639@lid: QUEUE: ans_697c27c2-c6bc-4a1b-ad75-561d1c7b2a54
184417456791639@lid: EXECUTING: ans_697c27c2-c6bc-4a1b-ad75-561d1c7b2a54
184417456791639@lid: SUCCESS: ans_697c27c2-c6bc-4a1b-ad75-561d1c7b2a54
184417456791639@lid: SUCCESS: ans_697c27c2-c6bc-4a1b-ad75-561d1c7b2a54
184417456791639@lid: QUEUE: ans_a9342370-b4d3-4d5c-bcc1-4b767f7dc116
184417456791639@lid: EXECUTING: ans_a9342370-b4d3-4d5c-bcc1-4b767f7dc116
184417456791639@lid: SUCCESS: ans_a9342370-b4d3-4d5c-bcc1-4b767f7dc116
184417456791639@lid: SUCCESS: ans_a9342370-b4d3-4d5c-bcc1-4b767f7dc116
184417456791639@lid: QUEUE: ans_697c27c2-c6bc-4a1b-ad75-561d1c7b2a54
184417456791639@lid: EXECUTING: ans_697c27c2-c6bc-4a1b-ad75-561d1c7b2a54
184417456791639@lid: SUCCESS: ans_697c27c2-c6bc-4a1b-ad75-561d1c7b2a54
184417456791639@lid: SUCCESS: ans_697c27c2-c6bc-4a1b-ad75-561d1c7b2a54
184417456791639@lid: QUEUE: ans_a9342370-b4d3-4d5c-bcc1-4b767f7dc116
184417456791639@lid: EXECUTING: ans_a9342370-b4d3-4d5c-bcc1-4b767f7dc116
184417456791639@lid: SUCCESS: ans_a9342370-b4d3-4d5c-bcc1-4b767f7dc116
184417456791639@lid: SUCCESS: ans_a9342370-b4d3-4d5c-bcc1-4b767f7dc116
184417456791639@lid: QUEUE: ans_697c27c2-c6bc-4a1b-ad75-561d1c7b2a54
184417456791639@lid: EXECUTING: ans_697c27c2-c6bc-4a1b-ad75-561d1c7b2a54
184417456791639@lid: SUCCESS: ans_697c27c2-c6bc-4a1b-ad75-561d1c7b2a54
184417456791639@lid: SUCCESS: ans_697c27c2-c6bc-4a1b-ad75-561d1c7b2a54
184417456791639@lid: QUEUE: ans_a9342370-b4d3-4d5c-bcc1-4b767f7dc116
184417456791639@lid: EXECUTING: ans_a9342370-b4d3-4d5c-bcc1-4b767f7dc116
184417456791639@lid: SUCCESS: ans_a9342370-b4d3-4d5c-bcc1-4b767f7dc116
184417456791639@lid: SUCCESS: ans_a9342370-b4d3-4d5c-bcc1-4b767f7dc116
184417456791639@lid: QUEUE: ans_697c27c2-c6bc-4a1b-ad75-561d1c7b2a54
184417456791639@lid: EXECUTING: ans_697c27c2-c6bc-4a1b-ad75-561d1c7b2a54
184417456791639@lid: SUCCESS: ans_697c27c2-c6bc-4a1b-ad75-561d1c7b2a54
184417456791639@lid: SUCCESS: ans_697c27c2-c6bc-4a1b-ad75-561d1c7b2a54
184417456791639@lid: QUEUE: ans_a9342370-b4d3-4d5c-bcc1-4b767f7dc116
184417456791639@lid: EXECUTING: ans_a9342370-b4d3-4d5c-bcc1-4b767f7dc116
184417456791639@lid: SUCCESS: ans_a9342370-b4d3-4d5c-bcc1-4b767f7dc116
184417456791639@lid: SUCCESS: ans_a9342370-b4d3-4d5c-bcc1-4b767f7dc116
184417456791639@lid: QUEUE: ans_ff0bdb45-e199-42ce-822c-fd284e6fafe5
184417456791639@lid: EXECUTING: ans_ff0bdb45-e199-42ce-822c-fd284e6fafe5
184417456791639@lid: SUCCESS: ans_ff0bdb45-e199-42ce-822c-fd284e6fafe5
184417456791639@lid: SUCCESS: ans_ff0bdb45-e199-42ce-822c-fd284e6fafe5
184417456791639@lid: QUEUE: ans_20152792-1de8-49e4-8ecd-f4d6aabb3ff6
184417456791639@lid: EXECUTING: ans_20152792-1de8-49e4-8ecd-f4d6aabb3ff6
184417456791639@lid: SUCCESS: ans_20152792-1de8-49e4-8ecd-f4d6aabb3ff6
184417456791639@lid: SUCCESS: ans_20152792-1de8-49e4-8ecd-f4d6aabb3ff6
184417456791639@lid: QUEUE: ans_84aa23b3-cf4b-41f2-b672-27e6dcedfb63
184417456791639@lid: EXECUTING: ans_84aa23b3-cf4b-41f2-b672-27e6dcedfb63
184417456791639@lid: QUEUE: ans_20152792-1de8-49e4-8ecd-f4d6aabb3ff6
184417456791639@lid: QUEUE: ans_84aa23b3-cf4b-41f2-b672-27e6dcedfb63
184417456791639@lid:ERROR: {}
184417456791639@lid: SUCCESS: ans_84aa23b3-cf4b-41f2-b672-27e6dcedfb63
184417456791639@lid: SUCCESS: ans_20152792-1de8-49e4-8ecd-f4d6aabb3ff6
184417456791639@lid: SUCCESS: ans_20152792-1de8-49e4-8ecd-f4d6aabb3ff6
184417456791639@lid: SUCCESS: ans_84aa23b3-cf4b-41f2-b672-27e6dcedfb63
184417456791639@lid: SUCCESS: ans_84aa23b3-cf4b-41f2-b672-27e6dcedfb63
184417456791639@lid: SUCCESS: ans_84aa23b3-cf4b-41f2-b672-27e6dcedfb63
184417456791639@lid: QUEUE: ans_87329072-cddc-4c0f-9df7-67cc234acdb0
184417456791639@lid: EXECUTING: ans_87329072-cddc-4c0f-9df7-67cc234acdb0
184417456791639@lid: SUCCESS: ans_87329072-cddc-4c0f-9df7-67cc234acdb0
184417456791639@lid: SUCCESS: ans_87329072-cddc-4c0f-9df7-67cc234acdb0
184417456791639@lid: QUEUE: ans_697c27c2-c6bc-4a1b-ad75-561d1c7b2a54
184417456791639@lid: EXECUTING: ans_697c27c2-c6bc-4a1b-ad75-561d1c7b2a54
184417456791639@lid: SUCCESS: ans_697c27c2-c6bc-4a1b-ad75-561d1c7b2a54
184417456791639@lid: SUCCESS: ans_697c27c2-c6bc-4a1b-ad75-561d1c7b2a54
184417456791639@lid: QUEUE: ans_a9342370-b4d3-4d5c-bcc1-4b767f7dc116
184417456791639@lid: EXECUTING: ans_a9342370-b4d3-4d5c-bcc1-4b767f7dc116
184417456791639@lid: SUCCESS: ans_a9342370-b4d3-4d5c-bcc1-4b767f7dc116
184417456791639@lid: SUCCESS: ans_a9342370-b4d3-4d5c-bcc1-4b767f7dc116
184417456791639@lid: QUEUE: ans_697c27c2-c6bc-4a1b-ad75-561d1c7b2a54
184417456791639@lid: EXECUTING: ans_697c27c2-c6bc-4a1b-ad75-561d1c7b2a54
184417456791639@lid: SUCCESS: ans_697c27c2-c6bc-4a1b-ad75-561d1c7b2a54
184417456791639@lid: SUCCESS: ans_697c27c2-c6bc-4a1b-ad75-561d1c7b2a54
184417456791639@lid: QUEUE: ans_a9342370-b4d3-4d5c-bcc1-4b767f7dc116
184417456791639@lid: EXECUTING: ans_a9342370-b4d3-4d5c-bcc1-4b767f7dc116
184417456791639@lid: SUCCESS: ans_a9342370-b4d3-4d5c-bcc1-4b767f7dc116
184417456791639@lid: SUCCESS: ans_a9342370-b4d3-4d5c-bcc1-4b767f7dc116
184417456791639@lid: QUEUE: ans_ff0bdb45-e199-42ce-822c-fd284e6fafe5
184417456791639@lid: EXECUTING: ans_ff0bdb45-e199-42ce-822c-fd284e6fafe5
184417456791639@lid: SUCCESS: ans_ff0bdb45-e199-42ce-822c-fd284e6fafe5
184417456791639@lid: SUCCESS: ans_ff0bdb45-e199-42ce-822c-fd284e6fafe5
184417456791639@lid: QUEUE: ans_20152792-1de8-49e4-8ecd-f4d6aabb3ff6
184417456791639@lid: EXECUTING: ans_20152792-1de8-49e4-8ecd-f4d6aabb3ff6
184417456791639@lid: SUCCESS: ans_20152792-1de8-49e4-8ecd-f4d6aabb3ff6
184417456791639@lid: SUCCESS: ans_20152792-1de8-49e4-8ecd-f4d6aabb3ff6
184417456791639@lid: QUEUE: ans_84aa23b3-cf4b-41f2-b672-27e6dcedfb63
184417456791639@lid: EXECUTING: ans_84aa23b3-cf4b-41f2-b672-27e6dcedfb63
184417456791639@lid: QUEUE: ans_20152792-1de8-49e4-8ecd-f4d6aabb3ff6
184417456791639@lid: QUEUE: ans_84aa23b3-cf4b-41f2-b672-27e6dcedfb63
184417456791639@lid:ERROR: {}
184417456791639@lid: SUCCESS: ans_84aa23b3-cf4b-41f2-b672-27e6dcedfb63
184417456791639@lid: SUCCESS: ans_20152792-1de8-49e4-8ecd-f4d6aabb3ff6
184417456791639@lid: SUCCESS: ans_20152792-1de8-49e4-8ecd-f4d6aabb3ff6
184417456791639@lid: SUCCESS: ans_84aa23b3-cf4b-41f2-b672-27e6dcedfb63
184417456791639@lid: SUCCESS: ans_84aa23b3-cf4b-41f2-b672-27e6dcedfb63
184417456791639@lid: SUCCESS: ans_84aa23b3-cf4b-41f2-b672-27e6dcedfb63
184417456791639@lid: QUEUE: ans_87329072-cddc-4c0f-9df7-67cc234acdb0
184417456791639@lid: EXECUTING: ans_87329072-cddc-4c0f-9df7-67cc234acdb0
184417456791639@lid: SUCCESS: ans_87329072-cddc-4c0f-9df7-67cc234acdb0
184417456791639@lid: SUCCESS: ans_87329072-cddc-4c0f-9df7-67cc234acdb0
